<component name="libraryTable">
  <library name="junit-jupiter-api-5.4.2-javadoc">
    <CLASSES />
    <JAVADOC>
      <root url="jar://$PROJECT_DIR$/../junit-jupiter-api-5.4.2-javadoc.jar!/" />
    </JAVADOC>
    <SOURCES />
  </library>
</component>