<component name="libraryTable">
  <library name="junit-jupiter-5.4.2-sources">
    <CLASSES />
    <JAVADOC />
    <SOURCES>
      <root url="jar://$PROJECT_DIR$/../junit-jupiter-5.4.2-sources.jar!/" />
    </SOURCES>
  </library>
</component>